{"D:\\Training\\React\\state_management\\state_management_redux\\src\\App.tsx": {"path":"D:\\Training\\React\\state_management\\state_management_redux\\src\\App.tsx","statementMap":{"0":{"start":{"line":1,"column":0},"end":{"line":1,"column":52}},"1":{"start":{"line":2,"column":0},"end":{"line":2,"column":45}},"2":{"start":{"line":3,"column":0},"end":{"line":3,"column":47}},"3":{"start":{"line":4,"column":0},"end":{"line":4,"column":45}},"4":{"start":{"line":5,"column":0},"end":{"line":5,"column":42}},"5":{"start":{"line":6,"column":0},"end":{"line":6,"column":51}},"6":{"start":{"line":7,"column":0},"end":{"line":7,"column":69}},"7":{"start":{"line":8,"column":0},"end":{"line":8,"column":53}},"8":{"start":{"line":9,"column":0},"end":{"line":9,"column":42}},"9":{"start":{"line":11,"column":0},"end":{"line":11,"column":42}},"10":{"start":{"line":12,"column":0},"end":{"line":12,"column":62}},"11":{"start":{"line":13,"column":12},"end":{"line":83,"column":1}},"12":{"start":{"line":14,"column":36},"end":{"line":14,"column":53}},"13":{"start":{"line":15,"column":19},"end":{"line":15,"column":56}},"14":{"start":{"line":17,"column":15},"end":{"line":17,"column":62}},"15":{"start":{"line":17,"column":49},"end":{"line":17,"column":61}},"16":{"start":{"line":18,"column":19},"end":{"line":18,"column":45}},"17":{"start":{"line":20,"column":42},"end":{"line":20,"column":59}},"18":{"start":{"line":21,"column":17},"end":{"line":21,"column":54}},"19":{"start":{"line":22,"column":17},"end":{"line":22,"column":54}},"20":{"start":{"line":23,"column":15},"end":{"line":23,"column":54}},"21":{"start":{"line":25,"column":2},"end":{"line":27,"column":39}},"22":{"start":{"line":26,"column":4},"end":{"line":26,"column":59}},"23":{"start":{"line":29,"column":19},"end":{"line":37,"column":3}},"24":{"start":{"line":30,"column":4},"end":{"line":30,"column":23}},"25":{"start":{"line":31,"column":4},"end":{"line":35,"column":7}},"26":{"start":{"line":36,"column":4},"end":{"line":36,"column":59}},"27":{"start":{"line":38,"column":2},"end":{"line":82,"column":4}},"28":{"start":{"line":72,"column":12},"end":{"line":72,"column":30}},"29":{"start":{"line":85,"column":0},"end":{"line":85,"column":19}}},"fnMap":{"0":{"name":"(anonymous_1)","decl":{"start":{"line":13,"column":12},"end":{"line":13,"column":15}},"loc":{"start":{"line":13,"column":17},"end":{"line":83,"column":1}}},"1":{"name":"(anonymous_2)","decl":{"start":{"line":17,"column":27},"end":{"line":17,"column":28}},"loc":{"start":{"line":17,"column":49},"end":{"line":17,"column":61}}},"2":{"name":"(anonymous_3)","decl":{"start":{"line":25,"column":12},"end":{"line":25,"column":15}},"loc":{"start":{"line":25,"column":17},"end":{"line":27,"column":3}}},"3":{"name":"(anonymous_4)","decl":{"start":{"line":29,"column":19},"end":{"line":29,"column":20}},"loc":{"start":{"line":29,"column":59},"end":{"line":37,"column":3}}},"4":{"name":"(anonymous_5)","decl":{"start":{"line":71,"column":24},"end":{"line":71,"column":25}},"loc":{"start":{"line":72,"column":12},"end":{"line":72,"column":30}}}},"branchMap":{"0":{"loc":{"start":{"line":21,"column":17},"end":{"line":21,"column":54}},"type":"binary-expr","locations":[{"start":{"line":21,"column":17},"end":{"line":21,"column":43}},{"start":{"line":21,"column":47},"end":{"line":21,"column":54}}]},"1":{"loc":{"start":{"line":22,"column":17},"end":{"line":22,"column":54}},"type":"binary-expr","locations":[{"start":{"line":22,"column":17},"end":{"line":22,"column":43}},{"start":{"line":22,"column":47},"end":{"line":22,"column":54}}]},"2":{"loc":{"start":{"line":23,"column":22},"end":{"line":23,"column":53}},"type":"binary-expr","locations":[{"start":{"line":23,"column":22},"end":{"line":23,"column":46}},{"start":{"line":23,"column":50},"end":{"line":23,"column":53}}]},"3":{"loc":{"start":{"line":33,"column":14},"end":{"line":33,"column":60}},"type":"cond-expr","locations":[{"start":{"line":33,"column":33},"end":{"line":33,"column":55}},{"start":{"line":33,"column":58},"end":{"line":33,"column":60}}]},"4":{"loc":{"start":{"line":68,"column":9},"end":{"line":74,"column":16}},"type":"cond-expr","locations":[{"start":{"line":69,"column":10},"end":{"line":69,"column":64}},{"start":{"line":70,"column":12},"end":{"line":74,"column":16}}]},"5":{"loc":{"start":{"line":70,"column":12},"end":{"line":74,"column":16}},"type":"cond-expr","locations":[{"start":{"line":71,"column":10},"end":{"line":73,"column":12}},{"start":{"line":74,"column":12},"end":{"line":74,"column":16}}]},"6":{"loc":{"start":{"line":70,"column":12},"end":{"line":70,"column":53}},"type":"binary-expr","locations":[{"start":{"line":70,"column":12},"end":{"line":70,"column":16}},{"start":{"line":70,"column":20},"end":{"line":70,"column":40}},{"start":{"line":70,"column":44},"end":{"line":70,"column":53}}]},"7":{"loc":{"start":{"line":77,"column":9},"end":{"line":78,"column":null}},"type":"binary-expr","locations":[{"start":{"line":77,"column":9},"end":{"line":77,"column":22}},{"start":{"line":77,"column":26},"end":{"line":77,"column":37}},{"start":{"line":77,"column":41},"end":{"line":77,"column":61}},{"start":{"line":78,"column":10},"end":{"line":78,"column":47}}]},"8":{"loc":{"start":{"line":78,"column":29},"end":{"line":78,"column":43}},"type":"cond-expr","locations":[{"start":{"line":78,"column":33},"end":{"line":78,"column":35}},{"start":{"line":78,"column":29},"end":{"line":78,"column":43}}]},"9":{"loc":{"start":{"line":78,"column":29},"end":{"line":78,"column":35}},"type":"binary-expr","locations":[{"start":{"line":78,"column":29},"end":{"line":78,"column":35}},{"start":{"line":78,"column":29},"end":{"line":78,"column":35}}]}},"s":{"0":1,"1":1,"2":1,"3":1,"4":1,"5":1,"6":1,"7":1,"8":1,"9":1,"10":1,"11":1,"12":2,"13":2,"14":2,"15":4,"16":2,"17":2,"18":2,"19":2,"20":2,"21":2,"22":1,"23":2,"24":0,"25":0,"26":0,"27":2,"28":0,"29":1},"f":{"0":2,"1":4,"2":1,"3":0,"4":0},"b":{"0":[2,2],"1":[2,2],"2":[2,2],"3":[0,0],"4":[1,1],"5":[1,0],"6":[1,1,1],"7":[2,1,1,1],"8":[0,1],"9":[1,1]}}
,"D:\\Training\\React\\state_management\\state_management_redux\\src\\components\\Header.tsx": {"path":"D:\\Training\\React\\state_management\\state_management_redux\\src\\components\\Header.tsx","statementMap":{"0":{"start":{"line":1,"column":0},"end":{"line":1,"column":72}},"1":{"start":{"line":2,"column":0},"end":{"line":2,"column":42}},"2":{"start":{"line":3,"column":0},"end":{"line":3,"column":48}},"3":{"start":{"line":4,"column":0},"end":{"line":4,"column":49}},"4":{"start":{"line":6,"column":0},"end":{"line":6,"column":42}},"5":{"start":{"line":7,"column":0},"end":{"line":7,"column":42}},"6":{"start":{"line":8,"column":0},"end":{"line":8,"column":75}},"7":{"start":{"line":10,"column":30},"end":{"line":18,"column":2}},"8":{"start":{"line":20,"column":15},"end":{"line":151,"column":1}},"9":{"start":{"line":21,"column":36},"end":{"line":21,"column":59}},"10":{"start":{"line":23,"column":30},"end":{"line":23,"column":50}},"11":{"start":{"line":24,"column":36},"end":{"line":24,"column":48}},"12":{"start":{"line":25,"column":50},"end":{"line":26,"column":null}},"13":{"start":{"line":26,"column":26},"end":{"line":26,"column":38}},"14":{"start":{"line":29,"column":19},"end":{"line":29,"column":45}},"15":{"start":{"line":31,"column":23},"end":{"line":33,"column":3}},"16":{"start":{"line":32,"column":4},"end":{"line":32,"column":37}},"17":{"start":{"line":36,"column":19},"end":{"line":36,"column":60}},"18":{"start":{"line":39,"column":22},"end":{"line":57,"column":null}},"19":{"start":{"line":42,"column":6},"end":{"line":42,"column":26}},"20":{"start":{"line":42,"column":19},"end":{"line":42,"column":26}},"21":{"start":{"line":45,"column":6},"end":{"line":45,"column":58}},"22":{"start":{"line":45,"column":28},"end":{"line":45,"column":58}},"23":{"start":{"line":48,"column":6},"end":{"line":53,"column":9}},"24":{"start":{"line":50,"column":8},"end":{"line":52,"column":9}},"25":{"start":{"line":51,"column":10},"end":{"line":51,"column":63}},"26":{"start":{"line":55,"column":6},"end":{"line":55,"column":47}},"27":{"start":{"line":55,"column":16},"end":{"line":55,"column":47}},"28":{"start":{"line":60,"column":2},"end":{"line":70,"column":25}},"29":{"start":{"line":61,"column":26},"end":{"line":67,"column":11}},"30":{"start":{"line":62,"column":6},"end":{"line":66,"column":7}},"31":{"start":{"line":63,"column":8},"end":{"line":63,"column":29}},"32":{"start":{"line":64,"column":8},"end":{"line":64,"column":32}},"33":{"start":{"line":65,"column":8},"end":{"line":65,"column":58}},"34":{"start":{"line":69,"column":4},"end":{"line":69,"column":45}},"35":{"start":{"line":69,"column":17},"end":{"line":69,"column":44}},"36":{"start":{"line":72,"column":2},"end":{"line":150,"column":4}},"37":{"start":{"line":82,"column":10},"end":{"line":82,"column":24}},"38":{"start":{"line":93,"column":12},"end":{"line":93,"column":37}},"39":{"start":{"line":101,"column":12},"end":{"line":101,"column":38}},"40":{"start":{"line":113,"column":40},"end":{"line":134,"column":12}},"41":{"start":{"line":153,"column":0},"end":{"line":153,"column":22}}},"fnMap":{"0":{"name":"(anonymous_0)","decl":{"start":{"line":20,"column":15},"end":{"line":20,"column":18}},"loc":{"start":{"line":20,"column":20},"end":{"line":151,"column":1}}},"1":{"name":"(anonymous_1)","decl":{"start":{"line":26,"column":4},"end":{"line":26,"column":5}},"loc":{"start":{"line":26,"column":26},"end":{"line":26,"column":38}}},"2":{"name":"(anonymous_2)","decl":{"start":{"line":31,"column":23},"end":{"line":31,"column":24}},"loc":{"start":{"line":31,"column":71},"end":{"line":33,"column":3}}},"3":{"name":"(anonymous_3)","decl":{"start":{"line":40,"column":4},"end":{"line":40,"column":5}},"loc":{"start":{"line":40,"column":36},"end":{"line":56,"column":5}}},"4":{"name":"(anonymous_4)","decl":{"start":{"line":48,"column":50},"end":{"line":48,"column":51}},"loc":{"start":{"line":48,"column":62},"end":{"line":53,"column":7}}},"5":{"name":"(anonymous_5)","decl":{"start":{"line":60,"column":12},"end":{"line":60,"column":15}},"loc":{"start":{"line":60,"column":17},"end":{"line":70,"column":3}}},"6":{"name":"(anonymous_6)","decl":{"start":{"line":61,"column":37},"end":{"line":61,"column":40}},"loc":{"start":{"line":61,"column":42},"end":{"line":67,"column":5}}},"7":{"name":"(anonymous_7)","decl":{"start":{"line":69,"column":11},"end":{"line":69,"column":14}},"loc":{"start":{"line":69,"column":17},"end":{"line":69,"column":44}}},"8":{"name":"(anonymous_8)","decl":{"start":{"line":81,"column":22},"end":{"line":81,"column":25}},"loc":{"start":{"line":81,"column":27},"end":{"line":83,"column":9}}},"9":{"name":"(anonymous_9)","decl":{"start":{"line":92,"column":27},"end":{"line":92,"column":28}},"loc":{"start":{"line":93,"column":12},"end":{"line":93,"column":37}}},"10":{"name":"(anonymous_10)","decl":{"start":{"line":100,"column":20},"end":{"line":100,"column":21}},"loc":{"start":{"line":100,"column":26},"end":{"line":102,"column":11}}},"11":{"name":"(anonymous_11)","decl":{"start":{"line":113,"column":21},"end":{"line":113,"column":22}},"loc":{"start":{"line":113,"column":39},"end":{"line":134,"column":12}}}},"branchMap":{"0":{"loc":{"start":{"line":42,"column":6},"end":{"line":42,"column":26}},"type":"if","locations":[{"start":{"line":42,"column":6},"end":{"line":42,"column":26}},{"start":{},"end":{}}]},"1":{"loc":{"start":{"line":45,"column":6},"end":{"line":45,"column":58}},"type":"if","locations":[{"start":{"line":45,"column":6},"end":{"line":45,"column":58}},{"start":{},"end":{}}]},"2":{"loc":{"start":{"line":50,"column":8},"end":{"line":52,"column":9}},"type":"if","locations":[{"start":{"line":50,"column":8},"end":{"line":52,"column":9}},{"start":{},"end":{}}]},"3":{"loc":{"start":{"line":50,"column":12},"end":{"line":50,"column":48}},"type":"binary-expr","locations":[{"start":{"line":50,"column":12},"end":{"line":50,"column":37}},{"start":{"line":50,"column":41},"end":{"line":50,"column":48}}]},"4":{"loc":{"start":{"line":55,"column":6},"end":{"line":55,"column":47}},"type":"if","locations":[{"start":{"line":55,"column":6},"end":{"line":55,"column":47}},{"start":{},"end":{}}]},"5":{"loc":{"start":{"line":62,"column":6},"end":{"line":66,"column":7}},"type":"if","locations":[{"start":{"line":62,"column":6},"end":{"line":66,"column":7}},{"start":{},"end":{}}]},"6":{"loc":{"start":{"line":62,"column":10},"end":{"line":62,"column":40}},"type":"binary-expr","locations":[{"start":{"line":62,"column":10},"end":{"line":62,"column":16}},{"start":{"line":62,"column":20},"end":{"line":62,"column":40}}]},"7":{"loc":{"start":{"line":110,"column":12},"end":{"line":110,"column":null}},"type":"cond-expr","locations":[{"start":{"line":110,"column":21},"end":{"line":110,"column":28}},{"start":{"line":110,"column":31},"end":{"line":110,"column":null}}]},"8":{"loc":{"start":{"line":113,"column":11},"end":{"line":134,"column":12}},"type":"cond-expr","locations":[{"start":{"line":113,"column":15},"end":{"line":113,"column":17}},{"start":{"line":113,"column":11},"end":{"line":134,"column":12}}]},"9":{"loc":{"start":{"line":113,"column":11},"end":{"line":113,"column":17}},"type":"binary-expr","locations":[{"start":{"line":113,"column":11},"end":{"line":113,"column":17}},{"start":{"line":113,"column":11},"end":{"line":113,"column":17}}]},"10":{"loc":{"start":{"line":116,"column":19},"end":{"line":116,"column":65}},"type":"cond-expr","locations":[{"start":{"line":116,"column":47},"end":{"line":116,"column":58}},{"start":{"line":116,"column":61},"end":{"line":116,"column":65}}]},"11":{"loc":{"start":{"line":130,"column":29},"end":{"line":130,"column":53}},"type":"cond-expr","locations":[{"start":{"line":130,"column":44},"end":{"line":130,"column":48}},{"start":{"line":130,"column":48},"end":{"line":130,"column":53}}]},"12":{"loc":{"start":{"line":130,"column":29},"end":{"line":130,"column":48}},"type":"binary-expr","locations":[{"start":{"line":130,"column":29},"end":{"line":130,"column":48}},{"start":{"line":130,"column":44},"end":{"line":130,"column":48}}]},"13":{"loc":{"start":{"line":135,"column":11},"end":{"line":135,"column":74}},"type":"binary-expr","locations":[{"start":{"line":135,"column":11},"end":{"line":135,"column":18}},{"start":{"line":135,"column":22},"end":{"line":135,"column":74}}]},"14":{"loc":{"start":{"line":136,"column":11},"end":{"line":136,"column":59}},"type":"binary-expr","locations":[{"start":{"line":136,"column":11},"end":{"line":136,"column":16}},{"start":{"line":136,"column":20},"end":{"line":136,"column":59}}]}},"s":{"0":2,"1":2,"2":2,"3":2,"4":2,"5":2,"6":2,"7":2,"8":2,"9":6,"10":6,"11":6,"12":6,"13":11,"14":6,"15":6,"16":0,"17":6,"18":6,"19":0,"20":0,"21":0,"22":0,"23":0,"24":0,"25":0,"26":0,"27":0,"28":6,"29":5,"30":0,"31":0,"32":0,"33":0,"34":5,"35":5,"36":6,"37":0,"38":42,"39":1,"40":0,"41":2},"f":{"0":6,"1":11,"2":0,"3":0,"4":0,"5":5,"6":0,"7":5,"8":0,"9":42,"10":1,"11":0},"b":{"0":[0,0],"1":[0,0],"2":[0,0],"3":[0,0],"4":[0,0],"5":[0,0],"6":[0,0],"7":[1,5],"8":[0,6],"9":[6,6],"10":[0,0],"11":[0,0],"12":[0,0],"13":[6,0],"14":[6,0]}}
,"D:\\Training\\React\\state_management\\state_management_redux\\src\\components\\Heading.tsx": {"path":"D:\\Training\\React\\state_management\\state_management_redux\\src\\components\\Heading.tsx","statementMap":{"0":{"start":{"line":1,"column":16},"end":{"line":15,"column":1}},"1":{"start":{"line":2,"column":2},"end":{"line":14,"column":4}},"2":{"start":{"line":17,"column":0},"end":{"line":17,"column":23}}},"fnMap":{"0":{"name":"(anonymous_0)","decl":{"start":{"line":1,"column":16},"end":{"line":1,"column":19}},"loc":{"start":{"line":1,"column":21},"end":{"line":15,"column":1}}}},"branchMap":{},"s":{"0":1,"1":2,"2":1},"f":{"0":2},"b":{}}
,"D:\\Training\\React\\state_management\\state_management_redux\\src\\components\\Item.tsx": {"path":"D:\\Training\\React\\state_management\\state_management_redux\\src\\components\\Item.tsx","statementMap":{"0":{"start":{"line":19,"column":13},"end":{"line":60,"column":1}},"1":{"start":{"line":20,"column":2},"end":{"line":40,"column":3}},"2":{"start":{"line":21,"column":4},"end":{"line":39,"column":6}},"3":{"start":{"line":27,"column":12},"end":{"line":27,"column":30}},"4":{"start":{"line":33,"column":12},"end":{"line":33,"column":30}},"5":{"start":{"line":42,"column":2},"end":{"line":59,"column":4}},"6":{"start":{"line":47,"column":10},"end":{"line":47,"column":28}},"7":{"start":{"line":53,"column":10},"end":{"line":53,"column":28}},"8":{"start":{"line":62,"column":0},"end":{"line":62,"column":20}}},"fnMap":{"0":{"name":"(anonymous_0)","decl":{"start":{"line":19,"column":13},"end":{"line":19,"column":14}},"loc":{"start":{"line":19,"column":72},"end":{"line":60,"column":1}}},"1":{"name":"(anonymous_1)","decl":{"start":{"line":26,"column":43},"end":{"line":26,"column":44}},"loc":{"start":{"line":27,"column":12},"end":{"line":27,"column":30}}},"2":{"name":"(anonymous_2)","decl":{"start":{"line":32,"column":40},"end":{"line":32,"column":41}},"loc":{"start":{"line":33,"column":12},"end":{"line":33,"column":30}}},"3":{"name":"(anonymous_3)","decl":{"start":{"line":46,"column":42},"end":{"line":46,"column":43}},"loc":{"start":{"line":47,"column":10},"end":{"line":47,"column":28}}},"4":{"name":"(anonymous_4)","decl":{"start":{"line":52,"column":40},"end":{"line":52,"column":41}},"loc":{"start":{"line":53,"column":10},"end":{"line":53,"column":28}}}},"branchMap":{"0":{"loc":{"start":{"line":20,"column":2},"end":{"line":40,"column":3}},"type":"if","locations":[{"start":{"line":20,"column":2},"end":{"line":40,"column":3}},{"start":{},"end":{}}]},"1":{"loc":{"start":{"line":23,"column":23},"end":{"line":23,"column":43}},"type":"cond-expr","locations":[{"start":{"line":23,"column":27},"end":{"line":23,"column":36}},{"start":{"line":23,"column":23},"end":{"line":23,"column":43}}]},"2":{"loc":{"start":{"line":23,"column":23},"end":{"line":23,"column":36}},"type":"binary-expr","locations":[{"start":{"line":23,"column":23},"end":{"line":23,"column":38}},{"start":{"line":23,"column":23},"end":{"line":23,"column":36}}]},"3":{"loc":{"start":{"line":26,"column":11},"end":{"line":28,"column":12}},"type":"cond-expr","locations":[{"start":{"line":26,"column":37},"end":{"line":26,"column":39}},{"start":{"line":26,"column":37},"end":{"line":28,"column":12}}]},"4":{"loc":{"start":{"line":26,"column":11},"end":{"line":26,"column":39}},"type":"binary-expr","locations":[{"start":{"line":26,"column":11},"end":{"line":26,"column":39}},{"start":{"line":26,"column":37},"end":{"line":26,"column":39}}]},"5":{"loc":{"start":{"line":32,"column":11},"end":{"line":34,"column":12}},"type":"cond-expr","locations":[{"start":{"line":32,"column":34},"end":{"line":32,"column":36}},{"start":{"line":32,"column":34},"end":{"line":34,"column":12}}]},"6":{"loc":{"start":{"line":32,"column":11},"end":{"line":32,"column":36}},"type":"binary-expr","locations":[{"start":{"line":32,"column":11},"end":{"line":32,"column":36}},{"start":{"line":32,"column":34},"end":{"line":32,"column":36}}]},"7":{"loc":{"start":{"line":52,"column":9},"end":{"line":54,"column":10}},"type":"cond-expr","locations":[{"start":{"line":52,"column":34},"end":{"line":52,"column":36}},{"start":{"line":52,"column":34},"end":{"line":54,"column":10}}]},"8":{"loc":{"start":{"line":52,"column":9},"end":{"line":52,"column":36}},"type":"binary-expr","locations":[{"start":{"line":52,"column":9},"end":{"line":52,"column":36}},{"start":{"line":52,"column":34},"end":{"line":52,"column":36}}]}},"s":{"0":1,"1":2,"2":1,"3":2,"4":2,"5":1,"6":2,"7":2,"8":1},"f":{"0":2,"1":2,"2":2,"3":2,"4":2},"b":{"0":[1,1],"1":[0,1],"2":[1,1],"3":[0,1],"4":[1,1],"5":[0,1],"6":[1,1],"7":[0,1],"8":[1,1]}}
,"D:\\Training\\React\\state_management\\state_management_redux\\src\\components\\ItemFilter.tsx": {"path":"D:\\Training\\React\\state_management\\state_management_redux\\src\\components\\ItemFilter.tsx","statementMap":{"0":{"start":{"line":1,"column":0},"end":{"line":1,"column":51}},"1":{"start":{"line":3,"column":19},"end":{"line":28,"column":1}},"2":{"start":{"line":12,"column":42},"end":{"line":12,"column":59}},"3":{"start":{"line":14,"column":2},"end":{"line":27,"column":4}},"4":{"start":{"line":17,"column":8},"end":{"line":20,"column":11}},"5":{"start":{"line":21,"column":8},"end":{"line":21,"column":39}},"6":{"start":{"line":30,"column":0},"end":{"line":30,"column":26}}},"fnMap":{"0":{"name":"(anonymous_0)","decl":{"start":{"line":3,"column":19},"end":{"line":3,"column":20}},"loc":{"start":{"line":11,"column":5},"end":{"line":28,"column":1}}},"1":{"name":"(anonymous_1)","decl":{"start":{"line":16,"column":15},"end":{"line":16,"column":18}},"loc":{"start":{"line":16,"column":20},"end":{"line":22,"column":7}}}},"branchMap":{"0":{"loc":{"start":{"line":19,"column":18},"end":{"line":19,"column":50}},"type":"binary-expr","locations":[{"start":{"line":19,"column":18},"end":{"line":19,"column":44}},{"start":{"line":19,"column":48},"end":{"line":19,"column":50}}]}},"s":{"0":1,"1":1,"2":14,"3":14,"4":1,"5":1,"6":1},"f":{"0":14,"1":1},"b":{"0":[1,1]}}
,"D:\\Training\\React\\state_management\\state_management_redux\\src\\components\\Pagination.tsx": {"path":"D:\\Training\\React\\state_management\\state_management_redux\\src\\components\\Pagination.tsx","statementMap":{"0":{"start":{"line":1,"column":0},"end":{"line":1,"column":51}},"1":{"start":{"line":2,"column":0},"end":{"line":2,"column":null}},"2":{"start":{"line":6,"column":0},"end":{"line":6,"column":53}},"3":{"start":{"line":7,"column":19},"end":{"line":55,"column":1}},"4":{"start":{"line":8,"column":42},"end":{"line":8,"column":59}},"5":{"start":{"line":10,"column":19},"end":{"line":10,"column":59}},"6":{"start":{"line":12,"column":15},"end":{"line":12,"column":78}},"7":{"start":{"line":14,"column":24},"end":{"line":17,"column":3}},"8":{"start":{"line":15,"column":4},"end":{"line":15,"column":46}},"9":{"start":{"line":16,"column":4},"end":{"line":16,"column":34}},"10":{"start":{"line":19,"column":2},"end":{"line":54,"column":4}},"11":{"start":{"line":37,"column":27},"end":{"line":37,"column":50}},"12":{"start":{"line":46,"column":27},"end":{"line":46,"column":50}},"13":{"start":{"line":57,"column":0},"end":{"line":57,"column":26}}},"fnMap":{"0":{"name":"(anonymous_0)","decl":{"start":{"line":7,"column":19},"end":{"line":7,"column":20}},"loc":{"start":{"line":7,"column":52},"end":{"line":55,"column":1}}},"1":{"name":"(anonymous_1)","decl":{"start":{"line":14,"column":24},"end":{"line":14,"column":25}},"loc":{"start":{"line":14,"column":41},"end":{"line":17,"column":3}}},"2":{"name":"(anonymous_2)","decl":{"start":{"line":37,"column":21},"end":{"line":37,"column":24}},"loc":{"start":{"line":37,"column":27},"end":{"line":37,"column":50}}},"3":{"name":"(anonymous_3)","decl":{"start":{"line":46,"column":21},"end":{"line":46,"column":24}},"loc":{"start":{"line":46,"column":27},"end":{"line":46,"column":50}}}},"branchMap":{"0":{"loc":{"start":{"line":12,"column":15},"end":{"line":12,"column":78}},"type":"cond-expr","locations":[{"start":{"line":12,"column":42},"end":{"line":12,"column":74}},{"start":{"line":12,"column":77},"end":{"line":12,"column":78}}]},"1":{"loc":{"start":{"line":30,"column":11},"end":{"line":30,"column":67}},"type":"cond-expr","locations":[{"start":{"line":30,"column":31},"end":{"line":30,"column":36}},{"start":{"line":30,"column":39},"end":{"line":30,"column":67}}]},"2":{"loc":{"start":{"line":35,"column":9},"end":{"line":41,"column":null}},"type":"binary-expr","locations":[{"start":{"line":35,"column":9},"end":{"line":35,"column":17}},{"start":{"line":36,"column":10},"end":{"line":40,"column":null}}]},"3":{"loc":{"start":{"line":44,"column":9},"end":{"line":50,"column":null}},"type":"binary-expr","locations":[{"start":{"line":44,"column":9},"end":{"line":44,"column":24}},{"start":{"line":45,"column":10},"end":{"line":49,"column":null}}]}},"s":{"0":1,"1":1,"2":1,"3":1,"4":1,"5":1,"6":1,"7":1,"8":0,"9":0,"10":1,"11":0,"12":0,"13":1},"f":{"0":1,"1":0,"2":0,"3":0},"b":{"0":[0,1],"1":[0,1],"2":[1,0],"3":[1,0]}}
,"D:\\Training\\React\\state_management\\state_management_redux\\src\\components\\Search.tsx": {"path":"D:\\Training\\React\\state_management\\state_management_redux\\src\\components\\Search.tsx","statementMap":{"0":{"start":{"line":1,"column":0},"end":{"line":1,"column":38}},"1":{"start":{"line":3,"column":16},"end":{"line":10,"column":2}},"2":{"start":{"line":12,"column":15},"end":{"line":38,"column":1}},"3":{"start":{"line":19,"column":2},"end":{"line":37,"column":4}},"4":{"start":{"line":24,"column":10},"end":{"line":25,"column":null}},"5":{"start":{"line":40,"column":0},"end":{"line":40,"column":22}}},"fnMap":{"0":{"name":"(anonymous_1)","decl":{"start":{"line":12,"column":15},"end":{"line":12,"column":16}},"loc":{"start":{"line":18,"column":5},"end":{"line":38,"column":1}}},"1":{"name":"(anonymous_2)","decl":{"start":{"line":23,"column":21},"end":{"line":23,"column":22}},"loc":{"start":{"line":24,"column":10},"end":{"line":25,"column":null}}}},"branchMap":{"0":{"loc":{"start":{"line":27,"column":14},"end":{"line":29,"column":32}},"type":"cond-expr","locations":[{"start":{"line":28,"column":18},"end":{"line":28,"column":49}},{"start":{"line":29,"column":18},"end":{"line":29,"column":32}}]}},"s":{"0":1,"1":1,"2":1,"3":2,"4":12,"5":1},"f":{"0":2,"1":12},"b":{"0":[2,10]}}
,"D:\\Training\\React\\state_management\\state_management_redux\\src\\constants\\index.ts": {"path":"D:\\Training\\React\\state_management\\state_management_redux\\src\\constants\\index.ts","statementMap":{"0":{"start":{"line":1,"column":13},"end":{"line":1,"column":40}}},"fnMap":{},"branchMap":{},"s":{"0":3},"f":{},"b":{}}
,"D:\\Training\\React\\state_management\\state_management_redux\\src\\fetures\\authorInfiniteSearch.ts": {"path":"D:\\Training\\React\\state_management\\state_management_redux\\src\\fetures\\authorInfiniteSearch.ts","statementMap":{"0":{"start":{"line":1,"column":0},"end":{"line":1,"column":null}},"1":{"start":{"line":7,"column":0},"end":{"line":7,"column":26}},"2":{"start":{"line":8,"column":0},"end":{"line":8,"column":53}},"3":{"start":{"line":18,"column":34},"end":{"line":24,"column":2}},"4":{"start":{"line":29,"column":13},"end":{"line":46,"column":2}},"5":{"start":{"line":31,"column":51},"end":{"line":45,"column":null}},"6":{"start":{"line":32,"column":16},"end":{"line":35,"column":null}},"7":{"start":{"line":38,"column":31},"end":{"line":38,"column":39}},"8":{"start":{"line":40,"column":4},"end":{"line":44,"column":6}},"9":{"start":{"line":48,"column":34},"end":{"line":76,"column":2}},"10":{"start":{"line":52,"column":23},"end":{"line":52,"column":35}},"11":{"start":{"line":55,"column":4},"end":{"line":74,"column":9}},"12":{"start":{"line":57,"column":8},"end":{"line":57,"column":29}},"13":{"start":{"line":65,"column":10},"end":{"line":65,"column":32}},"14":{"start":{"line":66,"column":10},"end":{"line":66,"column":26}},"15":{"start":{"line":67,"column":10},"end":{"line":67,"column":63}},"16":{"start":{"line":68,"column":10},"end":{"line":68,"column":49}},"17":{"start":{"line":72,"column":8},"end":{"line":72,"column":30}},"18":{"start":{"line":73,"column":8},"end":{"line":73,"column":64}},"19":{"start":{"line":77,"column":15},"end":{"line":77,"column":65}},"20":{"start":{"line":78,"column":0},"end":{"line":78,"column":49}}},"fnMap":{"0":{"name":"(anonymous_8)","decl":{"start":{"line":31,"column":2},"end":{"line":31,"column":9}},"loc":{"start":{"line":31,"column":51},"end":{"line":45,"column":null}}},"1":{"name":"(anonymous_9)","decl":{"start":{"line":31,"column":51},"end":{"line":31,"column":null}},"loc":{"start":{"line":31,"column":47},"end":{"line":45,"column":3}}},"2":{"name":"(anonymous_10)","decl":{"start":{"line":52,"column":17},"end":{"line":52,"column":20}},"loc":{"start":{"line":52,"column":23},"end":{"line":52,"column":35}}},"3":{"name":"(anonymous_11)","decl":{"start":{"line":54,"column":2},"end":{"line":54,"column":15}},"loc":{"start":{"line":54,"column":23},"end":{"line":75,"column":3}}},"4":{"name":"(anonymous_12)","decl":{"start":{"line":56,"column":36},"end":{"line":56,"column":37}},"loc":{"start":{"line":56,"column":46},"end":{"line":58,"column":7}}},"5":{"name":"(anonymous_13)","decl":{"start":{"line":61,"column":8},"end":{"line":61,"column":null}},"loc":{"start":{"line":64,"column":12},"end":{"line":69,"column":9}}},"6":{"name":"(anonymous_14)","decl":{"start":{"line":71,"column":37},"end":{"line":71,"column":38}},"loc":{"start":{"line":71,"column":55},"end":{"line":74,"column":7}}}},"branchMap":{"0":{"loc":{"start":{"line":31,"column":11},"end":{"line":31,"column":22}},"type":"default-arg","locations":[{"start":{"line":31,"column":19},"end":{"line":31,"column":22}}]},"1":{"loc":{"start":{"line":73,"column":22},"end":{"line":73,"column":63}},"type":"binary-expr","locations":[{"start":{"line":73,"column":22},"end":{"line":73,"column":42}},{"start":{"line":73,"column":46},"end":{"line":73,"column":63}}]}},"s":{"0":3,"1":3,"2":3,"3":3,"4":3,"5":3,"6":3,"7":2,"8":2,"9":3,"10":1,"11":3,"12":4,"13":3,"14":3,"15":3,"16":3,"17":2,"18":2,"19":3,"20":3},"f":{"0":3,"1":3,"2":1,"3":3,"4":4,"5":3,"6":2},"b":{"0":[0],"1":[2,0]}}
,"D:\\Training\\React\\state_management\\state_management_redux\\src\\fetures\\searchSlice.ts": {"path":"D:\\Training\\React\\state_management\\state_management_redux\\src\\fetures\\searchSlice.ts","statementMap":{"0":{"start":{"line":1,"column":0},"end":{"line":1,"column":null}},"1":{"start":{"line":7,"column":0},"end":{"line":7,"column":26}},"2":{"start":{"line":8,"column":0},"end":{"line":8,"column":53}},"3":{"start":{"line":27,"column":13},"end":{"line":66,"column":2}},"4":{"start":{"line":29,"column":49},"end":{"line":65,"column":null}},"5":{"start":{"line":30,"column":57},"end":{"line":33,"column":6}},"6":{"start":{"line":35,"column":4},"end":{"line":40,"column":7}},"7":{"start":{"line":36,"column":27},"end":{"line":36,"column":42}},"8":{"start":{"line":37,"column":6},"end":{"line":39,"column":7}},"9":{"start":{"line":38,"column":8},"end":{"line":38,"column":31}},"10":{"start":{"line":42,"column":14},"end":{"line":42,"column":52}},"11":{"start":{"line":43,"column":19},"end":{"line":43,"column":53}},"12":{"start":{"line":45,"column":4},"end":{"line":53,"column":5}},"13":{"start":{"line":46,"column":6},"end":{"line":46,"column":115}},"14":{"start":{"line":48,"column":6},"end":{"line":52,"column":7}},"15":{"start":{"line":49,"column":8},"end":{"line":49,"column":81}},"16":{"start":{"line":50,"column":13},"end":{"line":52,"column":7}},"17":{"start":{"line":51,"column":8},"end":{"line":51,"column":82}},"18":{"start":{"line":55,"column":4},"end":{"line":64,"column":5}},"19":{"start":{"line":56,"column":18},"end":{"line":56,"column":38}},"20":{"start":{"line":58,"column":33},"end":{"line":58,"column":49}},"21":{"start":{"line":60,"column":6},"end":{"line":60,"column":32}},"22":{"start":{"line":62,"column":6},"end":{"line":62,"column":27}},"23":{"start":{"line":63,"column":6},"end":{"line":63,"column":38}},"24":{"start":{"line":68,"column":34},"end":{"line":73,"column":2}},"25":{"start":{"line":75,"column":20},"end":{"line":99,"column":2}},"26":{"start":{"line":80,"column":4},"end":{"line":82,"column":7}},"27":{"start":{"line":81,"column":6},"end":{"line":81,"column":27}},"28":{"start":{"line":83,"column":4},"end":{"line":93,"column":6}},"29":{"start":{"line":89,"column":8},"end":{"line":89,"column":30}},"30":{"start":{"line":90,"column":8},"end":{"line":90,"column":41}},"31":{"start":{"line":91,"column":8},"end":{"line":91,"column":49}},"32":{"start":{"line":94,"column":4},"end":{"line":97,"column":7}},"33":{"start":{"line":95,"column":6},"end":{"line":95,"column":28}},"34":{"start":{"line":96,"column":6},"end":{"line":96,"column":66}},"35":{"start":{"line":101,"column":0},"end":{"line":101,"column":35}}},"fnMap":{"0":{"name":"(anonymous_8)","decl":{"start":{"line":29,"column":2},"end":{"line":29,"column":9}},"loc":{"start":{"line":29,"column":49},"end":{"line":65,"column":null}}},"1":{"name":"(anonymous_9)","decl":{"start":{"line":29,"column":49},"end":{"line":29,"column":null}},"loc":{"start":{"line":29,"column":45},"end":{"line":65,"column":3}}},"2":{"name":"(anonymous_10)","decl":{"start":{"line":35,"column":30},"end":{"line":35,"column":31}},"loc":{"start":{"line":35,"column":39},"end":{"line":40,"column":5}}},"3":{"name":"(anonymous_11)","decl":{"start":{"line":79,"column":2},"end":{"line":79,"column":15}},"loc":{"start":{"line":79,"column":23},"end":{"line":98,"column":3}}},"4":{"name":"(anonymous_12)","decl":{"start":{"line":80,"column":48},"end":{"line":80,"column":49}},"loc":{"start":{"line":80,"column":58},"end":{"line":82,"column":5}}},"5":{"name":"(anonymous_13)","decl":{"start":{"line":85,"column":6},"end":{"line":85,"column":null}},"loc":{"start":{"line":88,"column":10},"end":{"line":92,"column":7}}},"6":{"name":"(anonymous_14)","decl":{"start":{"line":94,"column":49},"end":{"line":94,"column":50}},"loc":{"start":{"line":94,"column":67},"end":{"line":97,"column":5}}}},"branchMap":{"0":{"loc":{"start":{"line":37,"column":6},"end":{"line":39,"column":7}},"type":"if","locations":[{"start":{"line":37,"column":6},"end":{"line":39,"column":7}},{"start":{},"end":{}}]},"1":{"loc":{"start":{"line":37,"column":10},"end":{"line":37,"column":45}},"type":"binary-expr","locations":[{"start":{"line":37,"column":10},"end":{"line":37,"column":25}},{"start":{"line":37,"column":29},"end":{"line":37,"column":45}}]},"2":{"loc":{"start":{"line":45,"column":4},"end":{"line":53,"column":5}},"type":"if","locations":[{"start":{"line":45,"column":4},"end":{"line":53,"column":5}},{"start":{"line":47,"column":11},"end":{"line":53,"column":5}}]},"3":{"loc":{"start":{"line":45,"column":8},"end":{"line":45,"column":43}},"type":"binary-expr","locations":[{"start":{"line":45,"column":8},"end":{"line":45,"column":24}},{"start":{"line":45,"column":28},"end":{"line":45,"column":43}}]},"4":{"loc":{"start":{"line":48,"column":6},"end":{"line":52,"column":7}},"type":"if","locations":[{"start":{"line":48,"column":6},"end":{"line":52,"column":7}},{"start":{"line":50,"column":13},"end":{"line":52,"column":7}}]},"5":{"loc":{"start":{"line":50,"column":13},"end":{"line":52,"column":7}},"type":"if","locations":[{"start":{"line":50,"column":13},"end":{"line":52,"column":7}},{"start":{},"end":{}}]},"6":{"loc":{"start":{"line":96,"column":20},"end":{"line":96,"column":65}},"type":"binary-expr","locations":[{"start":{"line":96,"column":20},"end":{"line":96,"column":40}},{"start":{"line":96,"column":44},"end":{"line":96,"column":65}}]}},"s":{"0":3,"1":3,"2":3,"3":3,"4":1,"5":1,"6":1,"7":1,"8":1,"9":0,"10":1,"11":1,"12":1,"13":0,"14":1,"15":1,"16":0,"17":0,"18":1,"19":1,"20":0,"21":0,"22":0,"23":0,"24":3,"25":3,"26":3,"27":1,"28":3,"29":0,"30":0,"31":0,"32":3,"33":0,"34":0,"35":3},"f":{"0":1,"1":1,"2":1,"3":3,"4":1,"5":0,"6":0},"b":{"0":[0,1],"1":[1,1],"2":[0,1],"3":[1,0],"4":[1,0],"5":[0,0],"6":[0,0]}}
,"D:\\Training\\React\\state_management\\state_management_redux\\src\\store\\store.ts": {"path":"D:\\Training\\React\\state_management\\state_management_redux\\src\\store\\store.ts","statementMap":{"0":{"start":{"line":1,"column":0},"end":{"line":1,"column":50}},"1":{"start":{"line":2,"column":0},"end":{"line":2,"column":51}},"2":{"start":{"line":3,"column":0},"end":{"line":3,"column":72}},"3":{"start":{"line":4,"column":13},"end":{"line":9,"column":3}}},"fnMap":{},"branchMap":{},"s":{"0":3,"1":3,"2":3,"3":3},"f":{},"b":{}}
}
