TN:
SF:src\App.tsx
FN:13,(anonymous_1)
FN:17,(anonymous_2)
FN:25,(anonymous_3)
FN:29,(anonymous_4)
FN:71,(anonymous_5)
FNF:5
FNH:3
FNDA:2,(anonymous_1)
FNDA:4,(anonymous_2)
FNDA:1,(anonymous_3)
FNDA:0,(anonymous_4)
FNDA:0,(anonymous_5)
DA:1,1
DA:2,1
DA:3,1
DA:4,1
DA:5,1
DA:6,1
DA:7,1
DA:8,1
DA:9,1
DA:11,1
DA:12,1
DA:13,1
DA:14,2
DA:15,2
DA:17,4
DA:18,2
DA:20,2
DA:21,2
DA:22,2
DA:23,2
DA:25,2
DA:26,1
DA:29,2
DA:30,0
DA:31,0
DA:36,0
DA:38,2
DA:72,0
DA:85,1
LF:29
LH:25
BRDA:21,0,0,2
BRDA:21,0,1,2
BRDA:22,1,0,2
BRDA:22,1,1,2
BRDA:23,2,0,2
BRDA:23,2,1,2
BRDA:33,3,0,0
BRDA:33,3,1,0
BRDA:68,4,0,1
BRDA:68,4,1,1
BRDA:70,5,0,1
BRDA:70,5,1,0
BRDA:70,6,0,1
BRDA:70,6,1,1
BRDA:70,6,2,1
BRDA:77,7,0,2
BRDA:77,7,1,1
BRDA:77,7,2,1
BRDA:77,7,3,1
BRDA:78,8,0,0
BRDA:78,8,1,1
BRDA:78,9,0,1
BRDA:78,9,1,1
BRF:23
BRH:19
end_of_record
TN:
SF:src\components\Header.tsx
FN:20,(anonymous_0)
FN:26,(anonymous_1)
FN:31,(anonymous_2)
FN:40,(anonymous_3)
FN:48,(anonymous_4)
FN:60,(anonymous_5)
FN:61,(anonymous_6)
FN:69,(anonymous_7)
FN:81,(anonymous_8)
FN:92,(anonymous_9)
FN:100,(anonymous_10)
FN:113,(anonymous_11)
FNF:12
FNH:6
FNDA:6,(anonymous_0)
FNDA:11,(anonymous_1)
FNDA:0,(anonymous_2)
FNDA:0,(anonymous_3)
FNDA:0,(anonymous_4)
FNDA:5,(anonymous_5)
FNDA:0,(anonymous_6)
FNDA:5,(anonymous_7)
FNDA:0,(anonymous_8)
FNDA:42,(anonymous_9)
FNDA:1,(anonymous_10)
FNDA:0,(anonymous_11)
DA:1,2
DA:2,2
DA:3,2
DA:4,2
DA:6,2
DA:7,2
DA:8,2
DA:10,2
DA:20,2
DA:21,6
DA:23,6
DA:24,6
DA:25,6
DA:26,11
DA:29,6
DA:31,6
DA:32,0
DA:36,6
DA:39,6
DA:42,0
DA:45,0
DA:48,0
DA:50,0
DA:51,0
DA:55,0
DA:60,6
DA:61,5
DA:62,0
DA:63,0
DA:64,0
DA:65,0
DA:69,5
DA:72,6
DA:82,0
DA:93,42
DA:101,1
DA:113,0
DA:153,2
LF:38
LH:25
BRDA:42,0,0,0
BRDA:42,0,1,0
BRDA:45,1,0,0
BRDA:45,1,1,0
BRDA:50,2,0,0
BRDA:50,2,1,0
BRDA:50,3,0,0
BRDA:50,3,1,0
BRDA:55,4,0,0
BRDA:55,4,1,0
BRDA:62,5,0,0
BRDA:62,5,1,0
BRDA:62,6,0,0
BRDA:62,6,1,0
BRDA:110,7,0,1
BRDA:110,7,1,5
BRDA:113,8,0,0
BRDA:113,8,1,6
BRDA:113,9,0,6
BRDA:113,9,1,6
BRDA:116,10,0,0
BRDA:116,10,1,0
BRDA:130,11,0,0
BRDA:130,11,1,0
BRDA:130,12,0,0
BRDA:130,12,1,0
BRDA:135,13,0,6
BRDA:135,13,1,0
BRDA:136,14,0,6
BRDA:136,14,1,0
BRF:30
BRH:7
end_of_record
TN:
SF:src\components\Heading.tsx
FN:1,(anonymous_0)
FNF:1
FNH:1
FNDA:2,(anonymous_0)
DA:1,1
DA:2,2
DA:17,1
LF:3
LH:3
BRF:0
BRH:0
end_of_record
TN:
SF:src\components\Item.tsx
FN:19,(anonymous_0)
FN:26,(anonymous_1)
FN:32,(anonymous_2)
FN:46,(anonymous_3)
FN:52,(anonymous_4)
FNF:5
FNH:5
FNDA:2,(anonymous_0)
FNDA:2,(anonymous_1)
FNDA:2,(anonymous_2)
FNDA:2,(anonymous_3)
FNDA:2,(anonymous_4)
DA:19,1
DA:20,2
DA:21,1
DA:27,2
DA:33,2
DA:42,1
DA:47,2
DA:53,2
DA:62,1
LF:9
LH:9
BRDA:20,0,0,1
BRDA:20,0,1,1
BRDA:23,1,0,0
BRDA:23,1,1,1
BRDA:23,2,0,1
BRDA:23,2,1,1
BRDA:26,3,0,0
BRDA:26,3,1,1
BRDA:26,4,0,1
BRDA:26,4,1,1
BRDA:32,5,0,0
BRDA:32,5,1,1
BRDA:32,6,0,1
BRDA:32,6,1,1
BRDA:52,7,0,0
BRDA:52,7,1,1
BRDA:52,8,0,1
BRDA:52,8,1,1
BRF:18
BRH:14
end_of_record
TN:
SF:src\components\ItemFilter.tsx
FN:3,(anonymous_0)
FN:16,(anonymous_1)
FNF:2
FNH:2
FNDA:14,(anonymous_0)
FNDA:1,(anonymous_1)
DA:1,1
DA:3,1
DA:12,14
DA:14,14
DA:17,1
DA:21,1
DA:30,1
LF:7
LH:7
BRDA:19,0,0,1
BRDA:19,0,1,1
BRF:2
BRH:2
end_of_record
TN:
SF:src\components\Pagination.tsx
FN:7,(anonymous_0)
FN:14,(anonymous_1)
FN:37,(anonymous_2)
FN:46,(anonymous_3)
FNF:4
FNH:1
FNDA:1,(anonymous_0)
FNDA:0,(anonymous_1)
FNDA:0,(anonymous_2)
FNDA:0,(anonymous_3)
DA:1,1
DA:2,1
DA:6,1
DA:7,1
DA:8,1
DA:10,1
DA:12,1
DA:14,1
DA:15,0
DA:16,0
DA:19,1
DA:37,0
DA:46,0
DA:57,1
LF:14
LH:10
BRDA:12,0,0,0
BRDA:12,0,1,1
BRDA:30,1,0,0
BRDA:30,1,1,1
BRDA:35,2,0,1
BRDA:35,2,1,0
BRDA:44,3,0,1
BRDA:44,3,1,0
BRF:8
BRH:4
end_of_record
TN:
SF:src\components\Search.tsx
FN:12,(anonymous_1)
FN:23,(anonymous_2)
FNF:2
FNH:2
FNDA:2,(anonymous_1)
FNDA:12,(anonymous_2)
DA:1,1
DA:3,1
DA:12,1
DA:19,2
DA:24,12
DA:40,1
LF:6
LH:6
BRDA:27,0,0,2
BRDA:27,0,1,10
BRF:2
BRH:2
end_of_record
TN:
SF:src\constants\index.ts
FNF:0
FNH:0
DA:1,3
LF:1
LH:1
BRF:0
BRH:0
end_of_record
TN:
SF:src\fetures\authorInfiniteSearch.ts
FN:31,(anonymous_8)
FN:31,(anonymous_9)
FN:52,(anonymous_10)
FN:54,(anonymous_11)
FN:56,(anonymous_12)
FN:61,(anonymous_13)
FN:71,(anonymous_14)
FNF:7
FNH:7
FNDA:3,(anonymous_8)
FNDA:3,(anonymous_9)
FNDA:1,(anonymous_10)
FNDA:3,(anonymous_11)
FNDA:4,(anonymous_12)
FNDA:3,(anonymous_13)
FNDA:2,(anonymous_14)
DA:1,3
DA:7,3
DA:8,3
DA:18,3
DA:29,3
DA:31,3
DA:32,3
DA:38,2
DA:40,2
DA:48,3
DA:52,1
DA:55,3
DA:57,4
DA:65,3
DA:66,3
DA:67,3
DA:68,3
DA:72,2
DA:73,2
DA:77,3
DA:78,3
LF:21
LH:21
BRDA:31,0,0,0
BRDA:73,1,0,2
BRDA:73,1,1,0
BRF:3
BRH:1
end_of_record
TN:
SF:src\fetures\searchSlice.ts
FN:29,(anonymous_8)
FN:29,(anonymous_9)
FN:35,(anonymous_10)
FN:79,(anonymous_11)
FN:80,(anonymous_12)
FN:85,(anonymous_13)
FN:94,(anonymous_14)
FNF:7
FNH:5
FNDA:1,(anonymous_8)
FNDA:1,(anonymous_9)
FNDA:1,(anonymous_10)
FNDA:3,(anonymous_11)
FNDA:1,(anonymous_12)
FNDA:0,(anonymous_13)
FNDA:0,(anonymous_14)
DA:1,3
DA:7,3
DA:8,3
DA:27,3
DA:29,1
DA:30,1
DA:35,1
DA:36,1
DA:37,1
DA:38,0
DA:42,1
DA:43,1
DA:45,1
DA:46,0
DA:48,1
DA:49,1
DA:50,0
DA:51,0
DA:55,1
DA:56,1
DA:58,0
DA:60,0
DA:62,0
DA:63,0
DA:68,3
DA:75,3
DA:80,3
DA:81,1
DA:83,3
DA:89,0
DA:90,0
DA:91,0
DA:94,3
DA:95,0
DA:96,0
DA:101,3
LF:36
LH:23
BRDA:37,0,0,0
BRDA:37,0,1,1
BRDA:37,1,0,1
BRDA:37,1,1,1
BRDA:45,2,0,0
BRDA:45,2,1,1
BRDA:45,3,0,1
BRDA:45,3,1,0
BRDA:48,4,0,1
BRDA:48,4,1,0
BRDA:50,5,0,0
BRDA:50,5,1,0
BRDA:96,6,0,0
BRDA:96,6,1,0
BRF:14
BRH:6
end_of_record
TN:
SF:src\store\store.ts
FNF:0
FNH:0
DA:1,3
DA:2,3
DA:3,3
DA:4,3
LF:4
LH:4
BRF:0
BRH:0
end_of_record
