{"D:\\Training\\React\\state_management\\state_management_zustand\\src\\components\\Item.tsx": {"path":"D:\\Training\\React\\state_management\\state_management_zustand\\src\\components\\Item.tsx","statementMap":{"0":{"start":{"line":20,"column":13},"end":{"line":71,"column":1}},"1":{"start":{"line":21,"column":2},"end":{"line":46,"column":3}},"2":{"start":{"line":22,"column":4},"end":{"line":45,"column":6}},"3":{"start":{"line":33,"column":12},"end":{"line":33,"column":30}},"4":{"start":{"line":39,"column":12},"end":{"line":39,"column":30}},"5":{"start":{"line":48,"column":2},"end":{"line":70,"column":4}},"6":{"start":{"line":58,"column":10},"end":{"line":58,"column":28}},"7":{"start":{"line":64,"column":10},"end":{"line":64,"column":28}},"8":{"start":{"line":73,"column":0},"end":{"line":73,"column":20}}},"fnMap":{"0":{"name":"(anonymous_0)","decl":{"start":{"line":20,"column":13},"end":{"line":20,"column":14}},"loc":{"start":{"line":20,"column":72},"end":{"line":71,"column":1}}},"1":{"name":"(anonymous_1)","decl":{"start":{"line":32,"column":43},"end":{"line":32,"column":44}},"loc":{"start":{"line":33,"column":12},"end":{"line":33,"column":30}}},"2":{"name":"(anonymous_2)","decl":{"start":{"line":38,"column":40},"end":{"line":38,"column":41}},"loc":{"start":{"line":39,"column":12},"end":{"line":39,"column":30}}},"3":{"name":"(anonymous_3)","decl":{"start":{"line":57,"column":42},"end":{"line":57,"column":43}},"loc":{"start":{"line":58,"column":10},"end":{"line":58,"column":28}}},"4":{"name":"(anonymous_4)","decl":{"start":{"line":63,"column":40},"end":{"line":63,"column":41}},"loc":{"start":{"line":64,"column":10},"end":{"line":64,"column":28}}}},"branchMap":{"0":{"loc":{"start":{"line":21,"column":2},"end":{"line":46,"column":3}},"type":"if","locations":[{"start":{"line":21,"column":2},"end":{"line":46,"column":3}},{"start":{},"end":{}}]},"1":{"loc":{"start":{"line":26,"column":10},"end":{"line":26,"column":null}},"type":"binary-expr","locations":[{"start":{"line":26,"column":10},"end":{"line":26,"column":14}},{"start":{"line":26,"column":18},"end":{"line":26,"column":null}}]},"2":{"loc":{"start":{"line":29,"column":23},"end":{"line":29,"column":43}},"type":"cond-expr","locations":[{"start":{"line":29,"column":27},"end":{"line":29,"column":36}},{"start":{"line":29,"column":23},"end":{"line":29,"column":43}}]},"3":{"loc":{"start":{"line":29,"column":23},"end":{"line":29,"column":36}},"type":"binary-expr","locations":[{"start":{"line":29,"column":23},"end":{"line":29,"column":38}},{"start":{"line":29,"column":23},"end":{"line":29,"column":36}}]},"4":{"loc":{"start":{"line":32,"column":11},"end":{"line":34,"column":12}},"type":"cond-expr","locations":[{"start":{"line":32,"column":37},"end":{"line":32,"column":39}},{"start":{"line":32,"column":37},"end":{"line":34,"column":12}}]},"5":{"loc":{"start":{"line":32,"column":11},"end":{"line":32,"column":39}},"type":"binary-expr","locations":[{"start":{"line":32,"column":11},"end":{"line":32,"column":39}},{"start":{"line":32,"column":37},"end":{"line":32,"column":39}}]},"6":{"loc":{"start":{"line":38,"column":11},"end":{"line":40,"column":12}},"type":"cond-expr","locations":[{"start":{"line":38,"column":34},"end":{"line":38,"column":36}},{"start":{"line":38,"column":34},"end":{"line":40,"column":12}}]},"7":{"loc":{"start":{"line":38,"column":11},"end":{"line":38,"column":36}},"type":"binary-expr","locations":[{"start":{"line":38,"column":11},"end":{"line":38,"column":36}},{"start":{"line":38,"column":34},"end":{"line":38,"column":36}}]},"8":{"loc":{"start":{"line":52,"column":8},"end":{"line":52,"column":null}},"type":"binary-expr","locations":[{"start":{"line":52,"column":8},"end":{"line":52,"column":13}},{"start":{"line":52,"column":17},"end":{"line":52,"column":null}}]},"9":{"loc":{"start":{"line":63,"column":9},"end":{"line":65,"column":10}},"type":"cond-expr","locations":[{"start":{"line":63,"column":34},"end":{"line":63,"column":36}},{"start":{"line":63,"column":34},"end":{"line":65,"column":10}}]},"10":{"loc":{"start":{"line":63,"column":9},"end":{"line":63,"column":36}},"type":"binary-expr","locations":[{"start":{"line":63,"column":9},"end":{"line":63,"column":36}},{"start":{"line":63,"column":34},"end":{"line":63,"column":36}}]}},"s":{"0":1,"1":4,"2":2,"3":2,"4":2,"5":2,"6":4,"7":4,"8":1},"f":{"0":4,"1":2,"2":2,"3":4,"4":4},"b":{"0":[2,2],"1":[2,2],"2":[0,2],"3":[2,2],"4":[0,2],"5":[2,2],"6":[0,2],"7":[2,2],"8":[2,2],"9":[0,2],"10":[2,2]}}
,"D:\\Training\\React\\state_management\\state_management_zustand\\src\\constants\\index.ts": {"path":"D:\\Training\\React\\state_management\\state_management_zustand\\src\\constants\\index.ts","statementMap":{"0":{"start":{"line":1,"column":13},"end":{"line":1,"column":40}}},"fnMap":{},"branchMap":{},"s":{"0":1},"f":{},"b":{}}
,"D:\\Training\\React\\state_management\\state_management_zustand\\src\\store\\useAuthorStore.ts": {"path":"D:\\Training\\React\\state_management\\state_management_zustand\\src\\store\\useAuthorStore.ts","statementMap":{"0":{"start":{"line":2,"column":0},"end":{"line":2,"column":33}},"1":{"start":{"line":3,"column":0},"end":{"line":3,"column":26}},"2":{"start":{"line":19,"column":14},"end":{"line":19,"column":16}},"3":{"start":{"line":21,"column":13},"end":{"line":64,"column":4}},"4":{"start":{"line":21,"column":65},"end":{"line":64,"column":2}},"5":{"start":{"line":30,"column":4},"end":{"line":30,"column":66}},"6":{"start":{"line":33,"column":15},"end":{"line":33,"column":72}},"7":{"start":{"line":35,"column":27},"end":{"line":63,"column":null}},"8":{"start":{"line":36,"column":46},"end":{"line":36,"column":51}},"9":{"start":{"line":37,"column":4},"end":{"line":37,"column":36}},"10":{"start":{"line":37,"column":29},"end":{"line":37,"column":36}},"11":{"start":{"line":39,"column":4},"end":{"line":39,"column":40}},"12":{"start":{"line":41,"column":4},"end":{"line":62,"column":5}},"13":{"start":{"line":42,"column":21},"end":{"line":42,"column":39}},"14":{"start":{"line":43,"column":18},"end":{"line":44,"column":null}},"15":{"start":{"line":47,"column":33},"end":{"line":47,"column":41}},"16":{"start":{"line":48,"column":6},"end":{"line":53,"column":10}},"17":{"start":{"line":48,"column":22},"end":{"line":53,"column":8}},"18":{"start":{"line":55,"column":6},"end":{"line":61,"column":9}}},"fnMap":{"0":{"name":"(anonymous_8)","decl":{"start":{"line":21,"column":50},"end":{"line":21,"column":51}},"loc":{"start":{"line":21,"column":65},"end":{"line":64,"column":2}}},"1":{"name":"(anonymous_9)","decl":{"start":{"line":29,"column":12},"end":{"line":29,"column":13}},"loc":{"start":{"line":29,"column":33},"end":{"line":31,"column":3}}},"2":{"name":"(anonymous_10)","decl":{"start":{"line":33,"column":9},"end":{"line":33,"column":12}},"loc":{"start":{"line":33,"column":15},"end":{"line":33,"column":72}}},"3":{"name":"(anonymous_11)","decl":{"start":{"line":35,"column":16},"end":{"line":35,"column":25}},"loc":{"start":{"line":35,"column":27},"end":{"line":63,"column":null}}},"4":{"name":"(anonymous_12)","decl":{"start":{"line":35,"column":27},"end":{"line":35,"column":null}},"loc":{"start":{"line":35,"column":27},"end":{"line":63,"column":3}}},"5":{"name":"(anonymous_13)","decl":{"start":{"line":48,"column":10},"end":{"line":48,"column":11}},"loc":{"start":{"line":48,"column":22},"end":{"line":53,"column":8}}}},"branchMap":{"0":{"loc":{"start":{"line":37,"column":4},"end":{"line":37,"column":36}},"type":"if","locations":[{"start":{"line":37,"column":4},"end":{"line":37,"column":36}},{"start":{},"end":{}}]},"1":{"loc":{"start":{"line":37,"column":8},"end":{"line":37,"column":27}},"type":"binary-expr","locations":[{"start":{"line":37,"column":8},"end":{"line":37,"column":16}},{"start":{"line":37,"column":20},"end":{"line":37,"column":27}}]},"2":{"loc":{"start":{"line":57,"column":10},"end":{"line":59,"column":27}},"type":"cond-expr","locations":[{"start":{"line":58,"column":15},"end":{"line":58,"column":52}},{"start":{"line":59,"column":14},"end":{"line":59,"column":27}}]},"3":{"loc":{"start":{"line":57,"column":10},"end":{"line":57,"column":66}},"type":"binary-expr","locations":[{"start":{"line":57,"column":10},"end":{"line":57,"column":15}},{"start":{"line":57,"column":19},"end":{"line":57,"column":44}},{"start":{"line":57,"column":48},"end":{"line":57,"column":66}}]}},"s":{"0":1,"1":1,"2":1,"3":1,"4":1,"5":4,"6":8,"7":4,"8":4,"9":4,"10":2,"11":2,"12":2,"13":2,"14":2,"15":1,"16":1,"17":1,"18":1},"f":{"0":1,"1":4,"2":8,"3":4,"4":4,"5":1},"b":{"0":[2,2],"1":[4,3],"2":[1,0],"3":[1,1,1]}}
,"D:\\Training\\React\\state_management\\state_management_zustand\\src\\store\\useSearchStore.ts": {"path":"D:\\Training\\React\\state_management\\state_management_zustand\\src\\store\\useSearchStore.ts","statementMap":{"0":{"start":{"line":1,"column":0},"end":{"line":1,"column":33}},"1":{"start":{"line":3,"column":0},"end":{"line":3,"column":26}},"2":{"start":{"line":4,"column":0},"end":{"line":4,"column":53}},"3":{"start":{"line":14,"column":13},"end":{"line":66,"column":4}},"4":{"start":{"line":14,"column":60},"end":{"line":66,"column":2}},"5":{"start":{"line":19,"column":44},"end":{"line":65,"column":null}},"6":{"start":{"line":20,"column":57},"end":{"line":23,"column":6}},"7":{"start":{"line":25,"column":4},"end":{"line":30,"column":7}},"8":{"start":{"line":26,"column":27},"end":{"line":26,"column":42}},"9":{"start":{"line":27,"column":6},"end":{"line":29,"column":7}},"10":{"start":{"line":28,"column":8},"end":{"line":28,"column":31}},"11":{"start":{"line":32,"column":14},"end":{"line":32,"column":52}},"12":{"start":{"line":33,"column":19},"end":{"line":33,"column":53}},"13":{"start":{"line":35,"column":4},"end":{"line":43,"column":5}},"14":{"start":{"line":36,"column":6},"end":{"line":36,"column":115}},"15":{"start":{"line":38,"column":6},"end":{"line":42,"column":7}},"16":{"start":{"line":39,"column":8},"end":{"line":39,"column":81}},"17":{"start":{"line":40,"column":13},"end":{"line":42,"column":7}},"18":{"start":{"line":41,"column":8},"end":{"line":41,"column":82}},"19":{"start":{"line":44,"column":4},"end":{"line":44,"column":40}},"20":{"start":{"line":45,"column":4},"end":{"line":64,"column":5}},"21":{"start":{"line":46,"column":18},"end":{"line":46,"column":38}},"22":{"start":{"line":48,"column":33},"end":{"line":48,"column":41}},"23":{"start":{"line":50,"column":6},"end":{"line":55,"column":9}},"24":{"start":{"line":57,"column":6},"end":{"line":63,"column":9}}},"fnMap":{"0":{"name":"(anonymous_8)","decl":{"start":{"line":14,"column":50},"end":{"line":14,"column":51}},"loc":{"start":{"line":14,"column":60},"end":{"line":66,"column":2}}},"1":{"name":"(anonymous_9)","decl":{"start":{"line":19,"column":13},"end":{"line":19,"column":20}},"loc":{"start":{"line":19,"column":44},"end":{"line":65,"column":null}}},"2":{"name":"(anonymous_10)","decl":{"start":{"line":19,"column":44},"end":{"line":19,"column":null}},"loc":{"start":{"line":19,"column":44},"end":{"line":65,"column":3}}},"3":{"name":"(anonymous_11)","decl":{"start":{"line":25,"column":30},"end":{"line":25,"column":31}},"loc":{"start":{"line":25,"column":39},"end":{"line":30,"column":5}}}},"branchMap":{"0":{"loc":{"start":{"line":27,"column":6},"end":{"line":29,"column":7}},"type":"if","locations":[{"start":{"line":27,"column":6},"end":{"line":29,"column":7}},{"start":{},"end":{}}]},"1":{"loc":{"start":{"line":27,"column":10},"end":{"line":27,"column":45}},"type":"binary-expr","locations":[{"start":{"line":27,"column":10},"end":{"line":27,"column":25}},{"start":{"line":27,"column":29},"end":{"line":27,"column":45}}]},"2":{"loc":{"start":{"line":35,"column":4},"end":{"line":43,"column":5}},"type":"if","locations":[{"start":{"line":35,"column":4},"end":{"line":43,"column":5}},{"start":{"line":37,"column":11},"end":{"line":43,"column":5}}]},"3":{"loc":{"start":{"line":35,"column":8},"end":{"line":35,"column":43}},"type":"binary-expr","locations":[{"start":{"line":35,"column":8},"end":{"line":35,"column":24}},{"start":{"line":35,"column":28},"end":{"line":35,"column":43}}]},"4":{"loc":{"start":{"line":38,"column":6},"end":{"line":42,"column":7}},"type":"if","locations":[{"start":{"line":38,"column":6},"end":{"line":42,"column":7}},{"start":{"line":40,"column":13},"end":{"line":42,"column":7}}]},"5":{"loc":{"start":{"line":40,"column":13},"end":{"line":42,"column":7}},"type":"if","locations":[{"start":{"line":40,"column":13},"end":{"line":42,"column":7}},{"start":{},"end":{}}]},"6":{"loc":{"start":{"line":59,"column":10},"end":{"line":61,"column":27}},"type":"cond-expr","locations":[{"start":{"line":60,"column":15},"end":{"line":60,"column":52}},{"start":{"line":61,"column":14},"end":{"line":61,"column":27}}]},"7":{"loc":{"start":{"line":59,"column":10},"end":{"line":59,"column":66}},"type":"binary-expr","locations":[{"start":{"line":59,"column":10},"end":{"line":59,"column":15}},{"start":{"line":59,"column":19},"end":{"line":59,"column":44}},{"start":{"line":59,"column":48},"end":{"line":59,"column":66}}]}},"s":{"0":1,"1":1,"2":1,"3":1,"4":1,"5":6,"6":6,"7":6,"8":7,"9":7,"10":2,"11":6,"12":6,"13":6,"14":1,"15":5,"16":4,"17":1,"18":1,"19":6,"20":6,"21":6,"22":4,"23":4,"24":1},"f":{"0":1,"1":6,"2":6,"3":7},"b":{"0":[2,5],"1":[7,6],"2":[1,5],"3":[6,1],"4":[4,1],"5":[1,0],"6":[1,0],"7":[1,1,1]}}
}
