TN:
SF:src\components\Item.tsx
FN:20,(anonymous_0)
FN:32,(anonymous_1)
FN:38,(anonymous_2)
FN:57,(anonymous_3)
FN:63,(anonymous_4)
FNF:5
FNH:5
FNDA:4,(anonymous_0)
FNDA:2,(anonymous_1)
FNDA:2,(anonymous_2)
FNDA:4,(anonymous_3)
FNDA:4,(anonymous_4)
DA:20,1
DA:21,4
DA:22,2
DA:33,2
DA:39,2
DA:48,2
DA:58,4
DA:64,4
DA:73,1
LF:9
LH:9
BRDA:21,0,0,2
BRDA:21,0,1,2
BRDA:26,1,0,2
BRDA:26,1,1,2
BRDA:29,2,0,0
BRDA:29,2,1,2
BRDA:29,3,0,2
BRDA:29,3,1,2
BRDA:32,4,0,0
BRDA:32,4,1,2
BRDA:32,5,0,2
BRDA:32,5,1,2
BRDA:38,6,0,0
BRDA:38,6,1,2
BRDA:38,7,0,2
BRDA:38,7,1,2
BRDA:52,8,0,2
BRDA:52,8,1,2
BRDA:63,9,0,0
BRDA:63,9,1,2
BRDA:63,10,0,2
BRDA:63,10,1,2
BRF:22
BRH:18
end_of_record
TN:
SF:src\constants\index.ts
FNF:0
FNH:0
DA:1,1
LF:1
LH:1
BRF:0
BRH:0
end_of_record
TN:
SF:src\store\useAuthorStore.ts
FN:21,(anonymous_8)
FN:29,(anonymous_9)
FN:33,(anonymous_10)
FN:35,(anonymous_11)
FN:35,(anonymous_12)
FN:48,(anonymous_13)
FNF:6
FNH:6
FNDA:1,(anonymous_8)
FNDA:4,(anonymous_9)
FNDA:8,(anonymous_10)
FNDA:4,(anonymous_11)
FNDA:4,(anonymous_12)
FNDA:1,(anonymous_13)
DA:2,1
DA:3,1
DA:19,1
DA:21,1
DA:30,4
DA:33,8
DA:35,4
DA:36,4
DA:37,4
DA:39,2
DA:41,2
DA:42,2
DA:43,2
DA:47,1
DA:48,1
DA:55,1
LF:16
LH:16
BRDA:37,0,0,2
BRDA:37,0,1,2
BRDA:37,1,0,4
BRDA:37,1,1,3
BRDA:57,2,0,1
BRDA:57,2,1,0
BRDA:57,3,0,1
BRDA:57,3,1,1
BRDA:57,3,2,1
BRF:9
BRH:8
end_of_record
TN:
SF:src\store\useSearchStore.ts
FN:14,(anonymous_8)
FN:19,(anonymous_9)
FN:19,(anonymous_10)
FN:25,(anonymous_11)
FNF:4
FNH:4
FNDA:1,(anonymous_8)
FNDA:6,(anonymous_9)
FNDA:6,(anonymous_10)
FNDA:7,(anonymous_11)
DA:1,1
DA:3,1
DA:4,1
DA:14,1
DA:19,6
DA:20,6
DA:25,6
DA:26,7
DA:27,7
DA:28,2
DA:32,6
DA:33,6
DA:35,6
DA:36,1
DA:38,5
DA:39,4
DA:40,1
DA:41,1
DA:44,6
DA:45,6
DA:46,6
DA:48,4
DA:50,4
DA:57,1
LF:24
LH:24
BRDA:27,0,0,2
BRDA:27,0,1,5
BRDA:27,1,0,7
BRDA:27,1,1,6
BRDA:35,2,0,1
BRDA:35,2,1,5
BRDA:35,3,0,6
BRDA:35,3,1,1
BRDA:38,4,0,4
BRDA:38,4,1,1
BRDA:40,5,0,1
BRDA:40,5,1,0
BRDA:59,6,0,1
BRDA:59,6,1,0
BRDA:59,7,0,1
BRDA:59,7,1,1
BRDA:59,7,2,1
BRF:17
BRH:15
end_of_record
